2019-09-15 16:26:22-[mylog.py-->line:65]-INFO-mylog-日志输出的信息：-----注册登录模块开始测试-----
2019-09-15 16:26:22-[mylog.py-->line:65]-INFO-mylog-日志输出的信息：第1条用例开始执行：正常注册
2019-09-15 16:26:23-[mylog.py-->line:65]-INFO-mylog-日志输出的信息：测试通过
2019-09-15 16:26:23-[mylog.py-->line:65]-INFO-mylog-日志输出的信息：第2条用例开始执行：手机号为空
2019-09-15 16:26:23-[mylog.py-->line:65]-INFO-mylog-日志输出的信息：测试通过
2019-09-15 16:26:24-[mylog.py-->line:65]-INFO-mylog-日志输出的信息：第3条用例开始执行：密码为空
2019-09-15 16:26:24-[mylog.py-->line:65]-INFO-mylog-日志输出的信息：测试通过
2019-09-15 16:26:24-[mylog.py-->line:65]-INFO-mylog-日志输出的信息：第4条用例开始执行：密码小于6位
2019-09-15 16:26:24-[mylog.py-->line:65]-INFO-mylog-日志输出的信息：测试通过
2019-09-15 16:26:25-[mylog.py-->line:65]-INFO-mylog-日志输出的信息：第5条用例开始执行：密码长度大于18位
2019-09-15 16:26:25-[mylog.py-->line:65]-INFO-mylog-日志输出的信息：测试通过
2019-09-15 16:26:25-[mylog.py-->line:65]-INFO-mylog-日志输出的信息：第6条用例开始执行：手机号格式不正确
2019-09-15 16:26:26-[mylog.py-->line:65]-INFO-mylog-日志输出的信息：测试通过
2019-09-15 16:26:26-[mylog.py-->line:65]-INFO-mylog-日志输出的信息：第7条用例开始执行：手机号码已经被注册
2019-09-15 16:26:26-[mylog.py-->line:65]-INFO-mylog-日志输出的信息：测试通过
2019-09-15 16:26:26-[mylog.py-->line:65]-INFO-mylog-日志输出的信息：第8条用例开始执行：正常登录
2019-09-15 16:26:27-[mylog.py-->line:65]-INFO-mylog-日志输出的信息：测试通过
2019-09-15 16:26:27-[mylog.py-->line:65]-INFO-mylog-日志输出的信息：第9条用例开始执行：手机号为空
2019-09-15 16:26:27-[mylog.py-->line:65]-INFO-mylog-日志输出的信息：测试通过
2019-09-15 16:26:28-[mylog.py-->line:65]-INFO-mylog-日志输出的信息：第10条用例开始执行：密码为空
2019-09-15 16:26:28-[mylog.py-->line:65]-INFO-mylog-日志输出的信息：测试通过
2019-09-15 16:26:28-[mylog.py-->line:65]-INFO-mylog-日志输出的信息：第11条用例开始执行：用户名未被注册
2019-09-15 16:26:28-[mylog.py-->line:65]-INFO-mylog-日志输出的信息：测试通过
2019-09-15 16:26:29-[mylog.py-->line:65]-INFO-mylog-日志输出的信息：第12条用例开始执行：密码错误
2019-09-15 16:26:29-[mylog.py-->line:65]-INFO-mylog-日志输出的信息：测试通过
2019-09-15 16:26:29-[mylog.py-->line:65]-INFO-mylog-日志输出的信息：-----注册登录模块测试执行结束-----
2019-09-15 16:26:29-[mylog.py-->line:65]-INFO-mylog-日志输出的信息：-----充值提现模块开始测试-----
2019-09-15 16:26:29-[mylog.py-->line:65]-INFO-mylog-日志输出的信息：第1条用例开始执行：充值成功
2019-09-15 16:26:30-[mylog.py-->line:65]-INFO-mylog-日志输出的信息：测试通过
2019-09-15 16:26:30-[mylog.py-->line:65]-INFO-mylog-日志输出的信息：第2条用例开始执行：金额为空
2019-09-15 16:26:30-[mylog.py-->line:65]-INFO-mylog-日志输出的信息：测试通过
2019-09-15 16:26:30-[mylog.py-->line:65]-INFO-mylog-日志输出的信息：第3条用例开始执行：手机号码为空
2019-09-15 16:26:31-[mylog.py-->line:65]-INFO-mylog-日志输出的信息：测试通过
2019-09-15 16:26:31-[mylog.py-->line:65]-INFO-mylog-日志输出的信息：第4条用例开始执行：充值手机号码格式不正确
2019-09-15 16:26:31-[mylog.py-->line:65]-INFO-mylog-日志输出的信息：测试通过
2019-09-15 16:26:31-[mylog.py-->line:65]-INFO-mylog-日志输出的信息：第5条用例开始执行：充值金额为0
2019-09-15 16:26:31-[mylog.py-->line:69]-ERROR-mylog-日志输出的信息：测试未通过,未通过信息为：'10001' != '20117'
- 10001
+ 20117

2019-09-15 16:26:32-[mylog.py-->line:65]-INFO-mylog-日志输出的信息：第6条用例开始执行：充值金额为负数
2019-09-15 16:26:32-[mylog.py-->line:65]-INFO-mylog-日志输出的信息：测试通过
2019-09-15 16:26:32-[mylog.py-->line:65]-INFO-mylog-日志输出的信息：第7条用例开始执行：充值的金额小数超过两位小数
2019-09-15 16:26:32-[mylog.py-->line:65]-INFO-mylog-日志输出的信息：测试通过
2019-09-15 16:26:33-[mylog.py-->line:65]-INFO-mylog-日志输出的信息：第8条用例开始执行：取现成功
2019-09-15 16:26:33-[mylog.py-->line:65]-INFO-mylog-日志输出的信息：测试通过
2019-09-15 16:26:33-[mylog.py-->line:65]-INFO-mylog-日志输出的信息：第9条用例开始执行：取现金额为空
2019-09-15 16:26:34-[mylog.py-->line:65]-INFO-mylog-日志输出的信息：测试通过
2019-09-15 16:26:34-[mylog.py-->line:65]-INFO-mylog-日志输出的信息：第10条用例开始执行：手机号码为空
2019-09-15 16:26:34-[mylog.py-->line:65]-INFO-mylog-日志输出的信息：测试通过
2019-09-15 16:26:34-[mylog.py-->line:65]-INFO-mylog-日志输出的信息：第11条用例开始执行：取现手机号码格式不正确
2019-09-15 16:26:34-[mylog.py-->line:65]-INFO-mylog-日志输出的信息：测试通过
2019-09-15 16:26:35-[mylog.py-->line:65]-INFO-mylog-日志输出的信息：第12条用例开始执行：取现金额为0
2019-09-15 16:26:35-[mylog.py-->line:69]-ERROR-mylog-日志输出的信息：测试未通过,未通过信息为：'10001' != '20117'
- 10001
+ 20117

2019-09-15 16:26:35-[mylog.py-->line:65]-INFO-mylog-日志输出的信息：第13条用例开始执行：取现金额为负数
2019-09-15 16:26:35-[mylog.py-->line:65]-INFO-mylog-日志输出的信息：测试通过
2019-09-15 16:26:36-[mylog.py-->line:65]-INFO-mylog-日志输出的信息：第14条用例开始执行：取现的金额小数超过两位小数
2019-09-15 16:26:36-[mylog.py-->line:65]-INFO-mylog-日志输出的信息：测试通过
2019-09-15 16:26:36-[mylog.py-->line:65]-INFO-mylog-日志输出的信息：第15条用例开始执行：取现的金额大于余额
2019-09-15 16:26:36-[mylog.py-->line:65]-INFO-mylog-日志输出的信息：测试通过
2019-09-15 16:26:36-[mylog.py-->line:65]-INFO-mylog-日志输出的信息：-----充值提现模块测试执行结束-----
2019-09-15 16:26:38-[mylog.py-->line:65]-INFO-mylog-日志输出的信息：-----添加项目、审核模块测试开始执行-----
2019-09-15 16:26:38-[mylog.py-->line:65]-INFO-mylog-日志输出的信息：第1条用例开始执行：新增项目
2019-09-15 16:26:38-[mylog.py-->line:69]-ERROR-mylog-日志输出的信息：新增项目测试用例通过
2019-09-15 16:26:38-[mylog.py-->line:65]-INFO-mylog-日志输出的信息：第2条用例开始执行：用户id为空
2019-09-15 16:26:38-[mylog.py-->line:69]-ERROR-mylog-日志输出的信息：用户id为空测试用例通过
2019-09-15 16:26:39-[mylog.py-->line:65]-INFO-mylog-日志输出的信息：第3条用例开始执行：用户必须是正整数
2019-09-15 16:26:39-[mylog.py-->line:69]-ERROR-mylog-日志输出的信息：用户必须是正整数测试用例通过
2019-09-15 16:26:39-[mylog.py-->line:65]-INFO-mylog-日志输出的信息：第4条用例开始执行：不存在该会员
2019-09-15 16:26:39-[mylog.py-->line:69]-ERROR-mylog-日志输出的信息：不存在该会员测试用例通过
2019-09-15 16:26:40-[mylog.py-->line:65]-INFO-mylog-日志输出的信息：第5条用例开始执行：借款金额 amount 必须为大于 1000 并且能100 整除的正整数
2019-09-15 16:26:40-[mylog.py-->line:69]-ERROR-mylog-日志输出的信息：借款金额 amount 必须为大于 1000 并且能100 整除的正整数测试用例未通过,未通过的信息为'20106' != '10001'
- 20106
+ 10001

2019-09-15 16:26:40-[mylog.py-->line:65]-INFO-mylog-日志输出的信息：第6条用例开始执行：借款利率 loanRate 值必须大于 0 小于或等于 24
2019-09-15 16:26:40-[mylog.py-->line:69]-ERROR-mylog-日志输出的信息：借款利率 loanRate 值必须大于 0 小于或等于 24测试用例通过
2019-09-15 16:26:41-[mylog.py-->line:65]-INFO-mylog-日志输出的信息：第7条用例开始执行：借 款 日 期 类 型loanDateType 只能为 0,2,4
2019-09-15 16:26:41-[mylog.py-->line:69]-ERROR-mylog-日志输出的信息：借 款 日 期 类 型loanDateType 只能为 0,2,4测试用例通过
2019-09-15 16:26:41-[mylog.py-->line:65]-INFO-mylog-日志输出的信息：第8条用例开始执行：参数类型对应输入,数值类型只能输入数字
2019-09-15 16:26:41-[mylog.py-->line:69]-ERROR-mylog-日志输出的信息：参数类型对应输入,数值类型只能输入数字测试用例通过
2019-09-15 16:26:42-[mylog.py-->line:65]-INFO-mylog-日志输出的信息：第9条用例开始执行：当前标已经是该状态
2019-09-15 16:26:42-[mylog.py-->line:69]-ERROR-mylog-日志输出的信息：当前标已经是该状态测试用例通过
2019-09-15 16:26:42-[mylog.py-->line:65]-INFO-mylog-日志输出的信息：第10条用例开始执行：修改标的状态-二审
2019-09-15 16:26:42-[mylog.py-->line:69]-ERROR-mylog-日志输出的信息：修改标的状态-二审测试用例通过
2019-09-15 16:26:43-[mylog.py-->line:65]-INFO-mylog-日志输出的信息：第11条用例开始执行：修改标的状态-竞标中
2019-09-15 16:26:43-[mylog.py-->line:69]-ERROR-mylog-日志输出的信息：修改标的状态-竞标中测试用例通过
2019-09-15 16:26:43-[mylog.py-->line:65]-INFO-mylog-日志输出的信息：第12条用例开始执行：直接修改标的状态到还款中
2019-09-15 16:26:43-[mylog.py-->line:69]-ERROR-mylog-日志输出的信息：直接修改标的状态到还款中测试用例通过
2019-09-15 16:26:44-[mylog.py-->line:65]-INFO-mylog-日志输出的信息：第13条用例开始执行：修改标的状态-审核不通过
2019-09-15 16:26:44-[mylog.py-->line:69]-ERROR-mylog-日志输出的信息：修改标的状态-审核不通过测试用例未通过,未通过的信息为'10001' != '20211'
- 10001
+ 20211

2019-09-15 16:26:44-[mylog.py-->line:65]-INFO-mylog-日志输出的信息：第14条用例开始执行：参数为空
2019-09-15 16:26:44-[mylog.py-->line:69]-ERROR-mylog-日志输出的信息：参数为空测试用例通过
2019-09-15 16:26:44-[mylog.py-->line:65]-INFO-mylog-日志输出的信息：第15条用例开始执行：不存在该项目
2019-09-15 16:26:44-[mylog.py-->line:69]-ERROR-mylog-日志输出的信息：不存在该项目测试用例通过
2019-09-15 16:26:45-[mylog.py-->line:65]-INFO-mylog-日志输出的信息：第16条用例开始执行：非法 status 参数
2019-09-15 16:26:45-[mylog.py-->line:69]-ERROR-mylog-日志输出的信息：非法 status 参数测试用例通过
2019-09-15 16:26:45-[mylog.py-->line:65]-INFO-mylog-日志输出的信息：第17条用例开始执行：参数的类型对应输入合法的数字
2019-09-15 16:26:45-[mylog.py-->line:69]-ERROR-mylog-日志输出的信息：参数的类型对应输入合法的数字测试用例通过
2019-09-15 16:26:45-[mylog.py-->line:65]-INFO-mylog-日志输出的信息：第18条用例开始执行：错误的标id值
2019-09-15 16:26:45-[mylog.py-->line:69]-ERROR-mylog-日志输出的信息：错误的标id值测试用例通过
2019-09-15 16:26:46-[mylog.py-->line:65]-INFO-mylog-日志输出的信息：-----添加项目、审核模块测试执行结束-----
2019-09-15 16:26:47-[mylog.py-->line:65]-INFO-mylog-日志输出的信息：-----竞标测试用例开始执行-----
2019-09-15 16:26:47-[mylog.py-->line:65]-INFO-mylog-日志输出的信息：第1条用例开始执行：当前项目不是竞标中的状态
2019-09-15 16:26:47-[mylog.py-->line:69]-ERROR-mylog-日志输出的信息：当前项目不是竞标中的状态测试用例通过
2019-09-15 16:26:47-[mylog.py-->line:65]-INFO-mylog-日志输出的信息：第2条用例开始执行：修改标的状态-竞标中
2019-09-15 16:26:47-[mylog.py-->line:69]-ERROR-mylog-日志输出的信息：修改标的状态-竞标中测试用例通过
2019-09-15 16:26:48-[mylog.py-->line:65]-INFO-mylog-日志输出的信息：第3条用例开始执行：参数为空
2019-09-15 16:26:48-[mylog.py-->line:69]-ERROR-mylog-日志输出的信息：参数为空测试用例通过
2019-09-15 16:26:48-[mylog.py-->line:65]-INFO-mylog-日志输出的信息：第4条用例开始执行：memeberId必须大于0的正整数
2019-09-15 16:26:48-[mylog.py-->line:69]-ERROR-mylog-日志输出的信息：memeberId必须大于0的正整数测试用例通过
2019-09-15 16:26:49-[mylog.py-->line:65]-INFO-mylog-日志输出的信息：第5条用例开始执行：loanId必须大于0的正整数
2019-09-15 16:26:49-[mylog.py-->line:69]-ERROR-mylog-日志输出的信息：loanId必须大于0的正整数测试用例未通过,未通过的信息为'11005' != '11009'
- 11005
?     ^
+ 11009
?     ^

2019-09-15 16:26:49-[mylog.py-->line:65]-INFO-mylog-日志输出的信息：第6条用例开始执行：passwd长度必须大于6小于18
2019-09-15 16:26:49-[mylog.py-->line:69]-ERROR-mylog-日志输出的信息：passwd长度必须大于6小于18测试用例通过
2019-09-15 16:26:49-[mylog.py-->line:65]-INFO-mylog-日志输出的信息：第7条用例开始执行：投资金额必须是能被 100
整除的正整数
2019-09-15 16:26:49-[mylog.py-->line:69]-ERROR-mylog-日志输出的信息：投资金额必须是能被 100
整除的正整数测试用例未通过,未通过的信息为'11010' != '11007'
- 11010
?    -
+ 11007
?     +

2019-09-15 16:26:50-[mylog.py-->line:65]-INFO-mylog-日志输出的信息：第8条用例开始执行：不存在该用户
2019-09-15 16:26:50-[mylog.py-->line:69]-ERROR-mylog-日志输出的信息：不存在该用户测试用例通过
2019-09-15 16:26:50-[mylog.py-->line:65]-INFO-mylog-日志输出的信息：第9条用例开始执行：不存在该标
2019-09-15 16:26:50-[mylog.py-->line:69]-ERROR-mylog-日志输出的信息：不存在该标测试用例通过
2019-09-15 16:26:51-[mylog.py-->line:65]-INFO-mylog-日志输出的信息：第10条用例开始执行：竞标成功
2019-09-15 16:26:51-[mylog.py-->line:69]-ERROR-mylog-日志输出的信息：竞标成功测试用例通过
2019-09-15 16:26:51-[mylog.py-->line:65]-INFO-mylog-日志输出的信息：第11条用例开始执行：投资金额大于标的剩余余额
2019-09-15 16:26:51-[mylog.py-->line:69]-ERROR-mylog-日志输出的信息：投资金额大于标的剩余余额测试用例通过
2019-09-15 16:26:52-[mylog.py-->line:65]-INFO-mylog-日志输出的信息：第12条用例开始执行：满标
2019-09-15 16:26:52-[mylog.py-->line:69]-ERROR-mylog-日志输出的信息：满标测试用例通过
2019-09-15 16:26:52-[mylog.py-->line:65]-INFO-mylog-日志输出的信息：第13条用例开始执行：满标无法进行投资
2019-09-15 16:26:52-[mylog.py-->line:69]-ERROR-mylog-日志输出的信息：满标无法进行投资测试用例未通过,未通过的信息为'11011' != '11010'
- 11011
?     ^
+ 11010
?     ^

2019-09-15 16:26:53-[mylog.py-->line:65]-INFO-mylog-日志输出的信息：第14条用例开始执行：请根据数值参数的类型对应输入合法
的数字
2019-09-15 16:26:53-[mylog.py-->line:69]-ERROR-mylog-日志输出的信息：请根据数值参数的类型对应输入合法
的数字测试用例通过
2019-09-15 16:26:53-[mylog.py-->line:65]-INFO-mylog-日志输出的信息：-----竞标模块测试执行结束-----
2019-09-15 16:26:54-[mylog.py-->line:65]-INFO-mylog-日志输出的信息：-----添加回款计划测试开始执行-----
2019-09-15 16:26:54-[mylog.py-->line:65]-INFO-mylog-日志输出的信息：第1条用例开始执行：修改标的状态-竞标中
2019-09-15 16:26:55-[mylog.py-->line:69]-ERROR-mylog-日志输出的信息：修改标的状态-竞标中测试用例通过
2019-09-15 16:26:55-[mylog.py-->line:65]-INFO-mylog-日志输出的信息：第2条用例开始执行：竞标成功
2019-09-15 16:26:55-[mylog.py-->line:69]-ERROR-mylog-日志输出的信息：竞标成功测试用例通过
2019-09-15 16:26:55-[mylog.py-->line:65]-INFO-mylog-日志输出的信息：第3条用例开始执行：生成回款计划
2019-09-15 16:26:55-[mylog.py-->line:69]-ERROR-mylog-日志输出的信息：生成回款计划测试用例通过
2019-09-15 16:26:56-[mylog.py-->line:65]-INFO-mylog-日志输出的信息：第4条用例开始执行：参数错误
2019-09-15 16:26:56-[mylog.py-->line:69]-ERROR-mylog-日志输出的信息：参数错误测试用例通过
2019-09-15 16:26:56-[mylog.py-->line:65]-INFO-mylog-日志输出的信息：第5条用例开始执行：不存在该项目
2019-09-15 16:26:56-[mylog.py-->line:69]-ERROR-mylog-日志输出的信息：不存在该项目测试用例未通过,未通过的信息为'20404' != '20403'
- 20404
?     ^
+ 20403
?     ^

2019-09-15 16:26:56-[mylog.py-->line:65]-INFO-mylog-日志输出的信息：第6条用例开始执行：修改标的状态
2019-09-15 16:26:56-[mylog.py-->line:69]-ERROR-mylog-日志输出的信息：修改标的状态测试用例通过
2019-09-15 16:26:57-[mylog.py-->line:65]-INFO-mylog-日志输出的信息：第7条用例开始执行：项目不在核保审批状态或终审转态
2019-09-15 16:26:57-[mylog.py-->line:69]-ERROR-mylog-日志输出的信息：项目不在核保审批状态或终审转态测试用例通过
2019-09-15 16:26:57-[mylog.py-->line:65]-INFO-mylog-日志输出的信息：-----回款计划测试执行结束-----
2019-09-15 16:26:58-[mylog.py-->line:65]-INFO-mylog-日志输出的信息：-----获取相关记录测试开始执行-----
2019-09-15 16:26:58-[mylog.py-->line:65]-INFO-mylog-日志输出的信息：第1条用例开始执行：修改标的状态-竞标中
2019-09-15 16:26:58-[mylog.py-->line:69]-ERROR-mylog-日志输出的信息：修改标的状态-竞标中测试用例通过
2019-09-15 16:26:59-[mylog.py-->line:65]-INFO-mylog-日志输出的信息：第2条用例开始执行：竞标成功
2019-09-15 16:26:59-[mylog.py-->line:69]-ERROR-mylog-日志输出的信息：竞标成功测试用例通过
2019-09-15 16:26:59-[mylog.py-->line:65]-INFO-mylog-日志输出的信息：第3条用例开始执行：获取用户投资记录
2019-09-15 16:26:59-[mylog.py-->line:69]-ERROR-mylog-日志输出的信息：获取用户投资记录测试用例通过
2019-09-15 16:26:59-[mylog.py-->line:65]-INFO-mylog-日志输出的信息：第4条用例开始执行：获取用户投资-参数为空
2019-09-15 16:26:59-[mylog.py-->line:69]-ERROR-mylog-日志输出的信息：获取用户投资-参数为空测试用例通过
2019-09-15 16:27:00-[mylog.py-->line:65]-INFO-mylog-日志输出的信息：第5条用例开始执行：获取用户投资-参数必须为数字
2019-09-15 16:27:00-[mylog.py-->line:69]-ERROR-mylog-日志输出的信息：获取用户投资-参数必须为数字测试用例通过
2019-09-15 16:27:00-[mylog.py-->line:65]-INFO-mylog-日志输出的信息：第6条用例开始执行：获取标的投资记录
2019-09-15 16:27:00-[mylog.py-->line:69]-ERROR-mylog-日志输出的信息：获取标的投资记录测试用例通过
2019-09-15 16:27:00-[mylog.py-->line:65]-INFO-mylog-日志输出的信息：第7条用例开始执行：获取标的投资记录-参数为空
2019-09-15 16:27:00-[mylog.py-->line:69]-ERROR-mylog-日志输出的信息：获取标的投资记录-参数为空测试用例未通过,未通过的信息为'30203' != '30002'
- 30203
+ 30002

2019-09-15 16:27:01-[mylog.py-->line:65]-INFO-mylog-日志输出的信息：第8条用例开始执行：获取标的投资记录-参数必须为数字
2019-09-15 16:27:01-[mylog.py-->line:69]-ERROR-mylog-日志输出的信息：获取标的投资记录-参数必须为数字测试用例通过
2019-09-15 16:27:01-[mylog.py-->line:65]-INFO-mylog-日志输出的信息：第9条用例开始执行：获取用户流水记录
2019-09-15 16:27:01-[mylog.py-->line:69]-ERROR-mylog-日志输出的信息：获取用户流水记录测试用例通过
2019-09-15 16:27:02-[mylog.py-->line:65]-INFO-mylog-日志输出的信息：第10条用例开始执行：获取用户流水记录-参数为空
2019-09-15 16:27:02-[mylog.py-->line:69]-ERROR-mylog-日志输出的信息：获取用户流水记录-参数为空测试用例通过
2019-09-15 16:27:02-[mylog.py-->line:65]-INFO-mylog-日志输出的信息：第11条用例开始执行：获取用户流水记录-参数必须为数字
2019-09-15 16:27:02-[mylog.py-->line:69]-ERROR-mylog-日志输出的信息：获取用户流水记录-参数必须为数字测试用例通过
2019-09-15 16:27:02-[mylog.py-->line:65]-INFO-mylog-日志输出的信息：第12条用例开始执行：获取用户流水记录-用户id必须大于0
2019-09-15 16:27:02-[mylog.py-->line:69]-ERROR-mylog-日志输出的信息：获取用户流水记录-用户id必须大于0测试用例通过
2019-09-15 16:27:03-[mylog.py-->line:65]-INFO-mylog-日志输出的信息：第13条用例开始执行：获取用户流水记录-不存在该用户
2019-09-15 16:27:03-[mylog.py-->line:69]-ERROR-mylog-日志输出的信息：获取用户流水记录-不存在该用户测试用例通过
2019-09-15 16:27:04-[mylog.py-->line:65]-INFO-mylog-日志输出的信息：-----获取相关记录测试执行结束-----
